# JRE version: 7.0_15-b03
# Java VM: Java HotSpot(TM) Client VM (23.7-b01 mixed mode windows-x86 )
Heap
 def new generation   total 4928K, used 3003K [0x02ab0000, 0x03000000, 0x08000000)
  eden space 4416K,  56% used [0x02ab0000, 0x02d1edb0, 0x02f00000)
  from space 512K, 100% used [0x02f00000, 0x02f80000, 0x02f80000)
  to   space 512K,   0% used [0x02f80000, 0x02f80000, 0x03000000)
 tenured generation   total 10944K, used 3387K [0x08000000, 0x08ab0000, 0x12ab0000)
   the space 10944K,  30% used [0x08000000, 0x0834eca8, 0x0834ee00, 0x08ab0000)
 compacting perm gen  total 12288K, used 7519K [0x12ab0000, 0x136b0000, 0x16ab0000)
   the space 12288K,  61% used [0x12ab0000, 0x13207eb8, 0x13208000, 0x136b0000)
GC Heap History (10 events):
Event: 16.056 GC heap before
{Heap before GC invocations=1 (full 0):
 def new generation   total 4928K, used 4927K [0x02ab0000, 0x03000000, 0x08000000)
  eden space 4416K, 100% used [0x02ab0000, 0x02f00000, 0x02f00000)
  from space 512K,  99% used [0x02f80000, 0x02fffff8, 0x03000000)
  to   space 512K,   0% used [0x02f00000, 0x02f00000, 0x02f80000)
 tenured generation   total 10944K, used 397K [0x08000000, 0x08ab0000, 0x12ab0000)
   the space 10944K,   3% used [0x08000000, 0x08063510, 0x08063600, 0x08ab0000)
 compacting perm gen  total 12288K, used 3377K [0x12ab0000, 0x136b0000, 0x16ab0000)
   the space 12288K,  27% used [0x12ab0000, 0x12dfc770, 0x12dfc800, 0x136b0000)
No shared spaces configured.
Event: 16.060 GC heap after
Heap after GC invocations=2 (full 0):
 def new generation   total 4928K, used 512K [0x02ab0000, 0x03000000, 0x08000000)
  eden space 4416K,   0% used [0x02ab0000, 0x02ab0000, 0x02f00000)
  from space 512K, 100% used [0x02f00000, 0x02f80000, 0x02f80000)
  to   space 512K,   0% used [0x02f80000, 0x02f80000, 0x03000000)
 tenured generation   total 10944K, used 1199K [0x08000000, 0x08ab0000, 0x12ab0000)
   the space 10944K,  10% used [0x08000000, 0x0812bf30, 0x0812c000, 0x08ab0000)
 compacting perm gen  total 12288K, used 3377K [0x12ab0000, 0x136b0000, 0x16ab0000)
   the space 12288K,  27% used [0x12ab0000, 0x12dfc770, 0x12dfc800, 0x136b0000)
No shared spaces configured.
}
Event: 16.503 GC heap before
{Heap before GC invocations=2 (full 0):
 def new generation   total 4928K, used 4928K [0x02ab0000, 0x03000000, 0x08000000)
  eden space 4416K, 100% used [0x02ab0000, 0x02f00000, 0x02f00000)
  from space 512K, 100% used [0x02f00000, 0x02f80000, 0x02f80000)
  to   space 512K,   0% used [0x02f80000, 0x02f80000, 0x03000000)
 tenured generation   total 10944K, used 1199K [0x08000000, 0x08ab0000, 0x12ab0000)
   the space 10944K,  10% used [0x08000000, 0x0812bf30, 0x0812c000, 0x08ab0000)
 compacting perm gen  total 12288K, used 4196K [0x12ab0000, 0x136b0000, 0x16ab0000)
   the space 12288K,  34% used [0x12ab0000, 0x12ec9118, 0x12ec9200, 0x136b0000)
No shared spaces configured.
Event: 16.506 GC heap after
Heap after GC invocations=3 (full 0):
 def new generation   total 4928K, used 511K [0x02ab0000, 0x03000000, 0x08000000)
  eden space 4416K,   0% used [0x02ab0000, 0x02ab0000, 0x02f00000)
  from space 512K,  99% used [0x02f80000, 0x02fffff8, 0x03000000)
  to   space 512K,   0% used [0x02f00000, 0x02f00000, 0x02f80000)
 tenured generation   total 10944K, used 1622K [0x08000000, 0x08ab0000, 0x12ab0000)
   the space 10944K,  14% used [0x08000000, 0x081959f0, 0x08195a00, 0x08ab0000)
 compacting perm gen  total 12288K, used 4196K [0x12ab0000, 0x136b0000, 0x16ab0000)
   the space 12288K,  34% used [0x12ab0000, 0x12ec9118, 0x12ec9200, 0x136b0000)
No shared spaces configured.
}
Event: 16.943 GC heap before
{Heap before GC invocations=3 (full 0):
 def new generation   total 4928K, used 4927K [0x02ab0000, 0x03000000, 0x08000000)
  eden space 4416K, 100% used [0x02ab0000, 0x02f00000, 0x02f00000)
  from space 512K,  99% used [0x02f80000, 0x02fffff8, 0x03000000)
  to   space 512K,   0% used [0x02f00000, 0x02f00000, 0x02f80000)
 tenured generation   total 10944K, used 1622K [0x08000000, 0x08ab0000, 0x12ab0000)
   the space 10944K,  14% used [0x08000000, 0x081959f0, 0x08195a00, 0x08ab0000)
 compacting perm gen  total 12288K, used 5002K [0x12ab0000, 0x136b0000, 0x16ab0000)
   the space 12288K,  40% used [0x12ab0000, 0x12f92bb0, 0x12f92c00, 0x136b0000)
No shared spaces configured.
Event: 16.946 GC heap after
Heap after GC invocations=4 (full 0):
 def new generation   total 4928K, used 512K [0x02ab0000, 0x03000000, 0x08000000)
  eden space 4416K,   0% used [0x02ab0000, 0x02ab0000, 0x02f00000)
  from space 512K, 100% used [0x02f00000, 0x02f80000, 0x02f80000)
  to   space 512K,   0% used [0x02f80000, 0x02f80000, 0x03000000)
 tenured generation   total 10944K, used 2078K [0x08000000, 0x08ab0000, 0x12ab0000)
   the space 10944K,  18% used [0x08000000, 0x082078f0, 0x08207a00, 0x08ab0000)
 compacting perm gen  total 12288K, used 5002K [0x12ab0000, 0x136b0000, 0x16ab0000)
   the space 12288K,  40% used [0x12ab0000, 0x12f92bb0, 0x12f92c00, 0x136b0000)
No shared spaces configured.
}
Event: 17.587 GC heap before
{Heap before GC invocations=4 (full 0):
 def new generation   total 4928K, used 4928K [0x02ab0000, 0x03000000, 0x08000000)
  eden space 4416K, 100% used [0x02ab0000, 0x02f00000, 0x02f00000)
  from space 512K, 100% used [0x02f00000, 0x02f80000, 0x02f80000)
  to   space 512K,   0% used [0x02f80000, 0x02f80000, 0x03000000)
 tenured generation   total 10944K, used 2078K [0x08000000, 0x08ab0000, 0x12ab0000)
   the space 10944K,  18% used [0x08000000, 0x082078f0, 0x08207a00, 0x08ab0000)
 compacting perm gen  total 12288K, used 5692K [0x12ab0000, 0x136b0000, 0x16ab0000)
   the space 12288K,  46% used [0x12ab0000, 0x1303f1d8, 0x1303f200, 0x136b0000)
No shared spaces configured.
Event: 17.590 GC heap after
Heap after GC invocations=5 (full 0):
 def new generation   total 4928K, used 511K [0x02ab0000, 0x03000000, 0x08000000)
  eden space 4416K,   0% used [0x02ab0000, 0x02ab0000, 0x02f00000)
  from space 512K,  99% used [0x02f80000, 0x02fffff8, 0x03000000)
  to   space 512K,   0% used [0x02f00000, 0x02f00000, 0x02f80000)
 tenured generation   total 10944K, used 2580K [0x08000000, 0x08ab0000, 0x12ab0000)
   the space 10944K,  23% used [0x08000000, 0x08285058, 0x08285200, 0x08ab0000)
 compacting perm gen  total 12288K, used 5692K [0x12ab0000, 0x136b0000, 0x16ab0000)
   the space 12288K,  46% used [0x12ab0000, 0x1303f1d8, 0x1303f200, 0x136b0000)
No shared spaces configured.
}
Event: 18.163 GC heap before
{Heap before GC invocations=5 (full 0):
 def new generation   total 4928K, used 4900K [0x02ab0000, 0x03000000, 0x08000000)
  eden space 4416K,  99% used [0x02ab0000, 0x02ef90d8, 0x02f00000)
  from space 512K,  99% used [0x02f80000, 0x02fffff8, 0x03000000)
  to   space 512K,   0% used [0x02f00000, 0x02f00000, 0x02f80000)
 tenured generation   total 10944K, used 2580K [0x08000000, 0x08ab0000, 0x12ab0000)
   the space 10944K,  23% used [0x08000000, 0x08285058, 0x08285200, 0x08ab0000)
 compacting perm gen  total 12288K, used 7281K [0x12ab0000, 0x136b0000, 0x16ab0000)
   the space 12288K,  59% used [0x12ab0000, 0x131cc678, 0x131cc800, 0x136b0000)
No shared spaces configured.
Event: 18.168 GC heap after
Heap after GC invocations=6 (full 0):
 def new generation   total 4928K, used 512K [0x02ab0000, 0x03000000, 0x08000000)
  eden space 4416K,   0% used [0x02ab0000, 0x02ab0000, 0x02f00000)
  from space 512K, 100% used [0x02f00000, 0x02f80000, 0x02f80000)
  to   space 512K,   0% used [0x02f80000, 0x02f80000, 0x03000000)
 tenured generation   total 10944K, used 3387K [0x08000000, 0x08ab0000, 0x12ab0000)
   the space 10944K,  30% used [0x08000000, 0x0834eca8, 0x0834ee00, 0x08ab0000)
 compacting perm gen  total 12288K, used 7281K [0x12ab0000, 0x136b0000, 0x16ab0000)
   the space 12288K,  59% used [0x12ab0000, 0x131cc678, 0x131cc800, 0x136b0000)
No shared spaces configured.
}

